2018-Jan-17 15:28:02.770426 INFO [daemon] vedacoin v1.1.1.1()
2018-Jan-17 15:28:02.771184 INFO [daemon] Module folder: build/release/src/vedacoind
2018-Jan-17 15:28:02.772155 INFO [daemon] Initializing p2p server...
2018-Jan-17 15:28:02.772691 INFO [node_server] Binding on 0.0.0.0:17236
2018-Jan-17 15:28:02.772869 INFO [node_server] Net service binded on 0.0.0.0:17236
2018-Jan-17 15:28:02.772924 INFO [node_server] Attempting to add IGD port mapping.
2018-Jan-17 15:28:04.858688 INFO [node_server] Added IGD port mapping.
2018-Jan-17 15:28:04.858921 INFO [daemon] P2p server initialized OK
2018-Jan-17 15:28:04.859030 INFO [daemon] Initializing core...
2018-Jan-17 15:28:04.859739 INFO [Blockchain] Blockchain not loaded, generating genesis block.
2018-Jan-17 15:28:04.891403 INFO [Blockchain] Blockchain initialized. last block: 0, d2023.h16.m28.s4 time ago, current difficulty: 1
2018-Jan-17 15:28:04.891492 INFO [daemon] Core initialized OK
2018-Jan-17 15:28:04.891640 INFO [daemon] Starting core rpc server on address 127.0.0.1:18236
2018-Jan-17 15:28:04.891795 INFO [daemon] Core rpc server started ok
2018-Jan-17 15:28:04.891914 INFO [daemon] Starting p2p net loop...
2018-Jan-17 15:28:04.891975 INFO [node_server] Starting node_server
2018-Jan-17 15:28:06.901861 INFO [core] 
2018-Jan-17 15:28:06.901861 INFO [core] **********************************************************************
2018-Jan-17 15:28:06.901861 INFO [core] The daemon will start synchronizing with the network. It may take up to several hours.
2018-Jan-17 15:28:06.901861 INFO [core] 
2018-Jan-17 15:28:06.901861 INFO [core] You can set the level of process detailization* through "set_log <level>" command*, where <level> is between 0 (no details) and 4 (very verbose).
2018-Jan-17 15:28:06.901861 INFO [core] 
2018-Jan-17 15:28:06.901861 INFO [core] Use "help" command to see the list of available commands.
2018-Jan-17 15:28:06.901861 INFO [core] 
2018-Jan-17 15:28:06.901861 INFO [core] Note: in case you need to interrupt the process, use "exit" command. Otherwise, the current progress won't be saved.
2018-Jan-17 15:28:06.901861 INFO [core] **********************************************************************
2018-Jan-17 15:28:07.687361 INFO [protocol] 
2018-Jan-17 15:28:07.687361 INFO [protocol] **********************************************************************
2018-Jan-17 15:28:07.687361 INFO [protocol] You are now synchronized with the network. You may now start simplewallet.
2018-Jan-17 15:28:07.687361 INFO [protocol] 
2018-Jan-17 15:28:07.687361 INFO [protocol] Please note, that the blockchain will be saved only after you quit the daemon with "exit" command or if you use "save" command.
2018-Jan-17 15:28:07.687361 INFO [protocol] Otherwise, you will possibly need to synchronize the blockchain again.
2018-Jan-17 15:28:07.687361 INFO [protocol] 
2018-Jan-17 15:28:07.687361 INFO [protocol] Use "help" command to see the list of available commands.
2018-Jan-17 15:28:07.687361 INFO [protocol] **********************************************************************
2018-Jan-17 15:28:17.806371 INFO [node_server] Stop signal sent
2018-Jan-17 15:28:17.806557 INFO [node_server] Stopping NodeServer and it's2 connections...
2018-Jan-17 15:28:17.806944 INFO [node_server] NodeServer loop stopped
2018-Jan-17 15:28:17.807042 INFO [daemon] p2p net loop stopped
2018-Jan-17 15:28:17.807121 INFO [daemon] Stopping core rpc server...
2018-Jan-17 15:28:17.807241 INFO [daemon] Deinitializing core...
2018-Jan-17 15:28:17.807326 INFO [miner] Mining has been stopped, 0 finished
2018-Jan-17 15:28:17.807837 INFO [Blockchain] Saving blockchain...
2018-Jan-17 15:28:17.808054 INFO [BlockCacheSerializer] - saving block index...
2018-Jan-17 15:28:17.808163 INFO [BlockCacheSerializer] - saving transaction map...
2018-Jan-17 15:28:17.808246 INFO [BlockCacheSerializer] - saving spent keys...
2018-Jan-17 15:28:17.808327 INFO [BlockCacheSerializer] - saving outputs...
2018-Jan-17 15:28:17.808410 INFO [BlockCacheSerializer] - saving multi-signature outputs...
2018-Jan-17 15:28:17.808494 INFO [BlockCacheSerializer] Serialization time: 0ms
2018-Jan-17 15:28:17.808772 INFO [Blockchain] Saving blockchain indices...
2018-Jan-17 15:28:17.808990 INFO [BlockchainIndicesSerializer] - saving paymentID index...
2018-Jan-17 15:28:17.809094 INFO [BlockchainIndicesSerializer] - saving timestamp index...
2018-Jan-17 15:28:17.809178 INFO [BlockchainIndicesSerializer] - saving generated transactions index...
2018-Jan-17 15:28:17.809452 INFO [daemon] Deinitializing p2p...
2018-Jan-17 15:28:17.809974 INFO [miner] Mining has been stopped, 0 finished
2018-Jan-17 15:28:17.810682 INFO [daemon] Node stopped.
2018-Jan-17 15:29:12.731982 INFO [daemon] vedacoin v1.1.1.1()
2018-Jan-17 15:29:12.732702 INFO [daemon] Module folder: build/release/src/vedacoind
2018-Jan-17 15:29:12.733673 INFO [daemon] Initializing p2p server...
2018-Jan-17 15:29:12.734218 INFO [node_server] Binding on 0.0.0.0:17236
2018-Jan-17 15:29:12.734389 INFO [node_server] Net service binded on 0.0.0.0:17236
2018-Jan-17 15:29:12.734527 INFO [node_server] Attempting to add IGD port mapping.
2018-Jan-17 15:29:13.469135 INFO [node_server] Added IGD port mapping.
2018-Jan-17 15:29:13.469311 INFO [daemon] P2p server initialized OK
2018-Jan-17 15:29:13.469400 INFO [daemon] Initializing core...
2018-Jan-17 15:29:13.469718 INFO [Blockchain] Loading blockchain...
2018-Jan-17 15:29:13.469949 INFO [BlockCacheSerializer] - loading block index...
2018-Jan-17 15:29:13.470071 INFO [BlockCacheSerializer] - loading transaction map...
2018-Jan-17 15:29:13.470163 INFO [BlockCacheSerializer] - loading spent keys...
2018-Jan-17 15:29:13.470248 INFO [BlockCacheSerializer] - loading outputs...
2018-Jan-17 15:29:13.470340 INFO [BlockCacheSerializer] - loading multi-signature outputs...
2018-Jan-17 15:29:13.470423 INFO [BlockCacheSerializer] Serialization time: 0ms
2018-Jan-17 15:29:13.470519 INFO [Blockchain] Loading blockchain indices for BlockchainExplorer...
2018-Jan-17 15:29:13.470663 INFO [BlockchainIndicesSerializer] - loading paymentID index...
2018-Jan-17 15:29:13.470765 INFO [BlockchainIndicesSerializer] - loading timestamp index...
2018-Jan-17 15:29:13.470853 INFO [BlockchainIndicesSerializer] - loading generated transactions index...
2018-Jan-17 15:29:13.470989 INFO [Blockchain] Blockchain initialized. last block: 0, d2023.h16.m29.s13 time ago, current difficulty: 1
2018-Jan-17 15:29:13.471117 INFO [daemon] Core initialized OK
2018-Jan-17 15:29:13.471303 INFO [daemon] Starting core rpc server on address 127.0.0.1:18236
2018-Jan-17 15:29:13.471531 INFO [daemon] Core rpc server started ok
2018-Jan-17 15:29:13.471649 INFO [daemon] Starting p2p net loop...
2018-Jan-17 15:29:13.471707 INFO [node_server] Starting node_server
2018-Jan-17 15:29:14.493596 INFO [protocol] 
2018-Jan-17 15:29:14.493596 INFO [protocol] **********************************************************************
2018-Jan-17 15:29:14.493596 INFO [protocol] You are now synchronized with the network. You may now start simplewallet.
2018-Jan-17 15:29:14.493596 INFO [protocol] 
2018-Jan-17 15:29:14.493596 INFO [protocol] Please note, that the blockchain will be saved only after you quit the daemon with "exit" command or if you use "save" command.
2018-Jan-17 15:29:14.493596 INFO [protocol] Otherwise, you will possibly need to synchronize the blockchain again.
2018-Jan-17 15:29:14.493596 INFO [protocol] 
2018-Jan-17 15:29:14.493596 INFO [protocol] Use "help" command to see the list of available commands.
2018-Jan-17 15:29:14.493596 INFO [protocol] **********************************************************************
2018-Jan-17 15:29:14.494353 INFO [core] 
2018-Jan-17 15:29:14.494353 INFO [core] **********************************************************************
2018-Jan-17 15:29:14.494353 INFO [core] The daemon will start synchronizing with the network. It may take up to several hours.
2018-Jan-17 15:29:14.494353 INFO [core] 
2018-Jan-17 15:29:14.494353 INFO [core] You can set the level of process detailization* through "set_log <level>" command*, where <level> is between 0 (no details) and 4 (very verbose).
2018-Jan-17 15:29:14.494353 INFO [core] 
2018-Jan-17 15:29:14.494353 INFO [core] Use "help" command to see the list of available commands.
2018-Jan-17 15:29:14.494353 INFO [core] 
2018-Jan-17 15:29:14.494353 INFO [core] Note: in case you need to interrupt the process, use "exit" command. Otherwise, the current progress won't be saved.
2018-Jan-17 15:29:14.494353 INFO [core] **********************************************************************
2018-Jan-17 15:34:07.775640 INFO [node_server] Stop signal sent
2018-Jan-17 15:34:07.775836 INFO [node_server] Stopping NodeServer and it's2 connections...
2018-Jan-17 15:34:07.776193 INFO [node_server] NodeServer loop stopped
2018-Jan-17 15:34:07.776321 INFO [daemon] p2p net loop stopped
2018-Jan-17 15:34:07.776431 INFO [daemon] Stopping core rpc server...
2018-Jan-17 15:34:07.776648 INFO [daemon] Deinitializing core...
2018-Jan-17 15:34:07.776756 INFO [miner] Mining has been stopped, 0 finished
2018-Jan-17 15:34:07.777260 INFO [Blockchain] Saving blockchain...
2018-Jan-17 15:34:07.777463 INFO [BlockCacheSerializer] - saving block index...
2018-Jan-17 15:34:07.777534 INFO [BlockCacheSerializer] - saving transaction map...
2018-Jan-17 15:34:07.777592 INFO [BlockCacheSerializer] - saving spent keys...
2018-Jan-17 15:34:07.777686 INFO [BlockCacheSerializer] - saving outputs...
2018-Jan-17 15:34:07.777778 INFO [BlockCacheSerializer] - saving multi-signature outputs...
2018-Jan-17 15:34:07.777833 INFO [BlockCacheSerializer] Serialization time: 0ms
2018-Jan-17 15:34:07.778084 INFO [Blockchain] Saving blockchain indices...
2018-Jan-17 15:34:07.778286 INFO [BlockchainIndicesSerializer] - saving paymentID index...
2018-Jan-17 15:34:07.778362 INFO [BlockchainIndicesSerializer] - saving timestamp index...
2018-Jan-17 15:34:07.778418 INFO [BlockchainIndicesSerializer] - saving generated transactions index...
2018-Jan-17 15:34:07.778571 INFO [daemon] Deinitializing p2p...
2018-Jan-17 15:34:07.778947 INFO [miner] Mining has been stopped, 0 finished
2018-Jan-17 15:34:07.779548 INFO [daemon] Node stopped.
